[2026-07-14 15:02:00] ==================================================
[2026-07-14 15:02:00] 📊 FACTURA - Application de traçabilité commerciale
[2026-07-14 15:02:00] ==================================================
[2026-07-14 15:02:00] 📁 Racine du projet détectée : C:\Users\simazen\Downloads\factura_avec_splash_logo_kpi_modifie (2)\factura_avec_splash_logo (2)\factura
[2026-07-14 15:02:00] 🚀 Démarrage du backend Spring Boot... (C:\Users\simazen\Downloads\factura_avec_splash_logo_kpi_modifie (2)\factura_avec_splash_logo (2)\factura\backend)
[2026-07-14 15:02:00] 🚀 Démarrage du frontend React... (C:\Users\simazen\Downloads\factura_avec_splash_logo_kpi_modifie (2)\factura_avec_splash_logo (2)\factura\frontend)
[2026-07-14 15:02:00] ▶️ java -jar C:\Users\simazen\Downloads\factura_avec_splash_logo_kpi_modifie (2)\factura_avec_splash_logo (2)\factura\backend\target\backend-0.0.1-SNAPSHOT.jar
[2026-07-14 15:02:02] [FRONTEND] 
[2026-07-14 15:02:02] [FRONTEND] > frontend@0.0.0 preview
[2026-07-14 15:02:02] [FRONTEND] > vite preview --host --port 5173 --strictPort
[2026-07-14 15:02:02] [FRONTEND] 
[2026-07-14 15:02:03] [BACKEND] 
[2026-07-14 15:02:03] [BACKEND] .   ____          _            __ _ _
[2026-07-14 15:02:03] [BACKEND] /\\ / ___'_ __ _ _(_)_ __  __ _ \ \ \ \
[2026-07-14 15:02:03] [BACKEND] ( ( )\___ | '_ | '_| | '_ \/ _` | \ \ \ \
[2026-07-14 15:02:03] [BACKEND] \\/  ___)| |_)| | | | | || (_| |  ) ) ) )
[2026-07-14 15:02:03] [BACKEND] '  |____| .__|_| |_|_| |_\__, | / / / /
[2026-07-14 15:02:03] [BACKEND] =========|_|==============|___/=/_/_/_/
[2026-07-14 15:02:03] [BACKEND] :: Spring Boot ::                (v3.2.5)
[2026-07-14 15:02:03] [BACKEND] 
[2026-07-14 15:02:03] [FRONTEND] [32mâžœ[39m  [1mLocal[22m:   [36mhttp://localhost:[1m5173[22m/[39m
[2026-07-14 15:02:03] [BACKEND] 2026-07-14T15:02:03.651+01:00  INFO 2976 --- [           main] com.factura.FacturaApplication           : Starting FacturaApplication v0.0.1-SNAPSHOT using Java 17.0.19 with PID 2976 (C:\Users\simazen\Downloads\factura_avec_splash_logo_kpi_modifie (2)\factura_avec_splash_logo (2)\factura\backend\target\backend-0.0.1-SNAPSHOT.jar started by simazen in C:\Users\simazen\Downloads\factura_avec_splash_logo_kpi_modifie (2)\factura_avec_splash_logo (2)\factura\backend)
[2026-07-14 15:02:03] [BACKEND] 2026-07-14T15:02:03.659+01:00  INFO 2976 --- [           main] com.factura.FacturaApplication           : No active profile set, falling back to 1 default profile: "default"
[2026-07-14 15:02:06] [BACKEND] 2026-07-14T15:02:06.415+01:00  INFO 2976 --- [           main] .s.d.r.c.RepositoryConfigurationDelegate : Bootstrapping Spring Data JPA repositories in DEFAULT mode.
[2026-07-14 15:02:06] [BACKEND] 2026-07-14T15:02:06.644+01:00  INFO 2976 --- [           main] .s.d.r.c.RepositoryConfigurationDelegate : Finished Spring Data repository scanning in 198 ms. Found 11 JPA repository interfaces.
[2026-07-14 15:02:08] [BACKEND] 2026-07-14T15:02:08.602+01:00  INFO 2976 --- [           main] o.s.b.w.embedded.tomcat.TomcatWebServer  : Tomcat initialized with port 8080 (http)
[2026-07-14 15:02:08] [BACKEND] 2026-07-14T15:02:08.645+01:00  INFO 2976 --- [           main] o.apache.catalina.core.StandardService   : Starting service [Tomcat]
[2026-07-14 15:02:08] [BACKEND] 2026-07-14T15:02:08.647+01:00  INFO 2976 --- [           main] o.apache.catalina.core.StandardEngine    : Starting Servlet engine: [Apache Tomcat/10.1.20]
[2026-07-14 15:02:08] [BACKEND] 2026-07-14T15:02:08.778+01:00  INFO 2976 --- [           main] o.a.c.c.C.[Tomcat].[localhost].[/]       : Initializing Spring embedded WebApplicationContext
[2026-07-14 15:02:08] [BACKEND] 2026-07-14T15:02:08.780+01:00  INFO 2976 --- [           main] w.s.c.ServletWebServerApplicationContext : Root WebApplicationContext: initialization completed in 4919 ms
[2026-07-14 15:02:09] [BACKEND] 2026-07-14T15:02:09.266+01:00  INFO 2976 --- [           main] o.hibernate.jpa.internal.util.LogHelper  : HHH000204: Processing PersistenceUnitInfo [name: default]
[2026-07-14 15:02:09] [BACKEND] 2026-07-14T15:02:09.487+01:00  INFO 2976 --- [           main] org.hibernate.Version                    : HHH000412: Hibernate ORM core version 6.4.4.Final
[2026-07-14 15:02:09] [BACKEND] 2026-07-14T15:02:09.609+01:00  INFO 2976 --- [           main] o.h.c.internal.RegionFactoryInitiator    : HHH000026: Second-level cache disabled
[2026-07-14 15:02:10] [BACKEND] 2026-07-14T15:02:10.460+01:00  INFO 2976 --- [           main] o.s.o.j.p.SpringPersistenceUnitInfo      : No LoadTimeWeaver setup: ignoring JPA class transformer
[2026-07-14 15:02:10] [BACKEND] 2026-07-14T15:02:10.554+01:00  INFO 2976 --- [           main] com.zaxxer.hikari.HikariDataSource       : HikariPool-1 - Starting...
[2026-07-14 15:02:11] [BACKEND] 2026-07-14T15:02:11.112+01:00  INFO 2976 --- [           main] com.zaxxer.hikari.pool.HikariPool        : HikariPool-1 - Added connection org.postgresql.jdbc.PgConnection@6a6d1ff3
[2026-07-14 15:02:11] [BACKEND] 2026-07-14T15:02:11.116+01:00  INFO 2976 --- [           main] com.zaxxer.hikari.HikariDataSource       : HikariPool-1 - Start completed.
[2026-07-14 15:02:11] [BACKEND] 2026-07-14T15:02:11.219+01:00  WARN 2976 --- [           main] org.hibernate.orm.deprecation            : HHH90000025: PostgreSQLDialect does not need to be specified explicitly using 'hibernate.dialect' (remove the property setting and it will be selected by default)
[2026-07-14 15:02:14] [BACKEND] 2026-07-14T15:02:14.947+01:00  INFO 2976 --- [           main] o.h.e.t.j.p.i.JtaPlatformInitiator       : HHH000489: No JTA platform available (set 'hibernate.transaction.jta.platform' to enable JTA platform integration)
[2026-07-14 15:02:15] [BACKEND] 2026-07-14T15:02:15.358+01:00  INFO 2976 --- [           main] j.LocalContainerEntityManagerFactoryBean : Initialized JPA EntityManagerFactory for persistence unit 'default'
[2026-07-14 15:02:16] [BACKEND] 2026-07-14T15:02:16.850+01:00  WARN 2976 --- [           main] JpaBaseConfiguration$JpaWebConfiguration : spring.jpa.open-in-view is enabled by default. Therefore, database queries may be performed during view rendering. Explicitly configure spring.jpa.open-in-view to disable this warning
[2026-07-14 15:02:17] [BACKEND] 2026-07-14T15:02:17.926+01:00  WARN 2976 --- [           main] ConfigServletWebServerApplicationContext : Exception encountered during context initialization - cancelling refresh attempt: org.springframework.context.ApplicationContextException: Failed to start bean 'webServerStartStop'
[2026-07-14 15:02:17] [BACKEND] 2026-07-14T15:02:17.930+01:00  INFO 2976 --- [           main] j.LocalContainerEntityManagerFactoryBean : Closing JPA EntityManagerFactory for persistence unit 'default'
[2026-07-14 15:02:17] [BACKEND] 2026-07-14T15:02:17.934+01:00  INFO 2976 --- [           main] com.zaxxer.hikari.HikariDataSource       : HikariPool-1 - Shutdown initiated...
[2026-07-14 15:02:17] [BACKEND] 2026-07-14T15:02:17.942+01:00  INFO 2976 --- [           main] com.zaxxer.hikari.HikariDataSource       : HikariPool-1 - Shutdown completed.
[2026-07-14 15:02:17] [BACKEND] 2026-07-14T15:02:17.977+01:00  INFO 2976 --- [           main] .s.b.a.l.ConditionEvaluationReportLogger :
[2026-07-14 15:02:17] [BACKEND] 
[2026-07-14 15:02:17] [BACKEND] Error starting ApplicationContext. To display the condition evaluation report re-run your application with 'debug' enabled.
[2026-07-14 15:02:18] [BACKEND] 2026-07-14T15:02:18.054+01:00 ERROR 2976 --- [           main] o.s.b.d.LoggingFailureAnalysisReporter   :
[2026-07-14 15:02:18] [BACKEND] 
[2026-07-14 15:02:18] [BACKEND] ***************************
[2026-07-14 15:02:18] [BACKEND] APPLICATION FAILED TO START
[2026-07-14 15:02:18] [BACKEND] ***************************
[2026-07-14 15:02:18] [BACKEND] 
[2026-07-14 15:02:18] [BACKEND] Description:
[2026-07-14 15:02:18] [BACKEND] 
[2026-07-14 15:02:18] [BACKEND] Web server failed to start. Port 8080 was already in use.
[2026-07-14 15:02:18] [BACKEND] 
[2026-07-14 15:02:18] [BACKEND] Action:
[2026-07-14 15:02:18] [BACKEND] 
[2026-07-14 15:02:18] [BACKEND] Identify and stop the process that's listening on port 8080 or configure this application to listen on another port.
[2026-07-14 15:02:18] [BACKEND] 
